f:\temp\leecode_algorithm\debug\vc142.pdb
f:\temp\leecode_algorithm\debug\vc142.idb
f:\temp\leecode_algorithm\debug\recursive.obj
f:\temp\leecode_algorithm\debug\hamming.obj
f:\temp\leecode_algorithm\debug\consoleapplication1.obj
f:\temp\leecode_algorithm\debug\source.obj
f:\temp\leecode_algorithm\debug\reservedbit.obj
f:\temp\leecode_algorithm\debug\empty.obj
f:\temp\leecode_algorithm\debug\binarytree.obj
f:\temp\leecode_algorithm\debug\source1.obj
f:\temp\leecode_algorithm\debug\leecode.ilk
f:\temp\leecode_algorithm\debug\leecode.exe
f:\temp\leecode_algorithm\debug\leecode.pdb
f:\temp\leecode_algorithm\debug\leecode.tlog\cl.command.1.tlog
f:\temp\leecode_algorithm\debug\leecode.tlog\cl.read.1.tlog
f:\temp\leecode_algorithm\debug\leecode.tlog\cl.write.1.tlog
f:\temp\leecode_algorithm\debug\leecode.tlog\link.21096-cvtres.read.1.tlog
f:\temp\leecode_algorithm\debug\leecode.tlog\link.21096-cvtres.write.1.tlog
f:\temp\leecode_algorithm\debug\leecode.tlog\link.21096-rc.read.1.tlog
f:\temp\leecode_algorithm\debug\leecode.tlog\link.21096-rc.write.1.tlog
f:\temp\leecode_algorithm\debug\leecode.tlog\link.21096.read.1.tlog
f:\temp\leecode_algorithm\debug\leecode.tlog\link.21096.write.1.tlog
f:\temp\leecode_algorithm\debug\leecode.tlog\link.command.1.tlog
f:\temp\leecode_algorithm\debug\leecode.tlog\link.read.1.tlog
f:\temp\leecode_algorithm\debug\leecode.tlog\link.write.1.tlog
